<?xml version="1.0" encoding="UTF-8"?>
<!-- Generated by org.testng.reporters.JUnitReportReporter -->
<testsuite hostname="XHLT0115" name="testNG.DataProviderTest" tests="2" failures="0" timestamp="3 Oct 2017 15:07:10 GMT" time="21.019" errors="0">
  <testcase name="test" time="9.263" classname="testNG.DataProviderTest"/>
  <testcase name="test" time="11.756" classname="testNG.DataProviderTest"/>
</testsuite> <!-- testNG.DataProviderTest -->
