<?xml version="1.0" encoding="UTF-8"?>
<!-- Generated by org.testng.reporters.JUnitReportReporter -->
<testsuite hostname="XHLT0115" name="Kesi.Login" tests="1" failures="0" timestamp="1 Dec 2017 13:42:15 GMT" time="16.661" errors="0">
  <testcase name="f" time="16.661" classname="Kesi.Login"/>
</testsuite> <!-- Kesi.Login -->
