<?xml version="1.0" encoding="UTF-8"?>
<!-- Generated by org.testng.reporters.JUnitReportReporter -->
<testsuite hostname="XHLT0115" name="testNG.InvocationCount" tests="3" failures="0" timestamp="30 Jul 2018 05:12:58 GMT" time="0.031" errors="0">
  <testcase name="f" time="0.015" classname="testNG.InvocationCount"/>
  <testcase name="f" time="0.000" classname="testNG.InvocationCount"/>
  <testcase name="f" time="0.016" classname="testNG.InvocationCount"/>
</testsuite> <!-- testNG.InvocationCount -->
