<?xml version="1.0" encoding="UTF-8"?>
<!-- Generated by org.testng.reporters.JUnitReportReporter -->
<testsuite hostname="XHLT0115" name="test.DataProviderExample" tests="3" failures="0" timestamp="26 May 2017 12:30:38 GMT" time="0.014" errors="0">
  <testcase name="setData" time="0.001" classname="test.DataProviderExample"/>
  <testcase name="setData" time="0.000" classname="test.DataProviderExample"/>
  <testcase name="setData" time="0.013" classname="test.DataProviderExample"/>
</testsuite> <!-- test.DataProviderExample -->
