<?xml version="1.0" encoding="UTF-8"?>
<!-- Generated by org.testng.reporters.JUnitReportReporter -->
<testsuite hostname="XHLT0115" name="javaMethods.Exist" tests="1" failures="0" timestamp="24 May 2018 07:45:02 GMT" time="0.125" errors="0">
  <testcase name="environment" time="0.125" classname="javaMethods.Exist"/>
</testsuite> <!-- javaMethods.Exist -->
