<?xml version="1.0" encoding="UTF-8"?>
<!-- Generated by org.testng.reporters.JUnitReportReporter -->
<testsuite hostname="XHLT0115" name="selenium.IsEnabled" tests="1" failures="0" timestamp="21 Nov 2017 07:37:30 GMT" time="0.304" errors="0">
  <testcase name="MyTest" time="0.304" classname="selenium.IsEnabled"/>
</testsuite> <!-- selenium.IsEnabled -->
