<?xml version="1.0" encoding="UTF-8"?>
<!-- Generated by org.testng.reporters.JUnitReportReporter -->
<testsuite hostname="XHLT0115" name="test.Data" tests="2" failures="0" timestamp="26 May 2017 11:32:50 GMT" time="0.012" errors="0">
  <testcase name="f" time="0.011" classname="test.Data"/>
  <testcase name="f" time="0.001" classname="test.Data"/>
</testsuite> <!-- test.Data -->
