<?xml version="1.0" encoding="UTF-8"?>
<!-- Generated by org.testng.reporters.JUnitReportReporter -->
<testsuite hostname="XVDT0401" name="practice.AllPractice" tests="1" failures="0" timestamp="16 Apr 2019 09:08:09 GMT" time="0.000" errors="0">
  <testcase name="f" time="0.000" classname="practice.AllPractice"/>
</testsuite> <!-- practice.AllPractice -->
