<?xml version="1.0" encoding="UTF-8"?>
<!-- Generated by org.testng.reporters.JUnitReportReporter -->
<testsuite hostname="XHLT0115" name="testNG.SampleTest" tests="1" failures="0" timestamp="15 Jun 2018 13:40:19 GMT" time="0.032" errors="0">
  <testcase name="currentBillDate" time="0.032" classname="testNG.SampleTest"/>
</testsuite> <!-- testNG.SampleTest -->
