<?xml version="1.0" encoding="UTF-8"?>
<!-- Generated by org.testng.reporters.JUnitReportReporter -->
<testsuite hostname="XHLT0115" name="Kesi.Dates" tests="1" failures="0" timestamp="6 Jul 2018 13:51:46 GMT" time="0.062" errors="0">
  <testcase name="addDaysToDate" time="0.062" classname="Kesi.Dates"/>
</testsuite> <!-- Kesi.Dates -->
