<?xml version="1.0" encoding="UTF-8"?>
<!-- Generated by org.testng.reporters.JUnitReportReporter -->
<testsuite skipped="0" hostname="XHLT0154" name="a.arrays.List_iterator" tests="1" failures="0" timestamp="22 Jul 2019 16:58:40 GMT" time="0.027" errors="0">
  <testcase name="iterator" time="0.027" classname="a.arrays.List_iterator"/>
</testsuite> <!-- a.arrays.List_iterator -->
