<?xml version="1.0" encoding="UTF-8"?>
<!-- Generated by org.testng.reporters.JUnitReportReporter -->
<testsuite hostname="XHLT0115" name="testNG.SampleTest1" tests="1" failures="0" timestamp="24 Aug 2017 05:09:02 GMT" time="5.724" errors="0">
  <testcase name="Login" time="5.724" classname="testNG.SampleTest1"/>
</testsuite> <!-- testNG.SampleTest1 -->
