<?xml version="1.0" encoding="UTF-8"?>
<!-- Generated by org.testng.reporters.JUnitReportReporter -->
<testsuite hostname="XHLT0115" name="testNG.ParamExample" tests="1" failures="0" timestamp="21 Jun 2018 06:46:54 GMT" time="0.025" errors="0">
  <testcase name="testOptionParamTwo" time="0.025" classname="testNG.ParamExample"/>
</testsuite> <!-- testNG.ParamExample -->
