<?xml version="1.0" encoding="UTF-8"?>
<!-- Generated by org.testng.reporters.JUnitReportReporter -->
<testsuite hostname="XHLT0115" name="testNG.TestngAnnotation" tests="2" failures="0" timestamp="21 Sep 2018 07:07:59 GMT" time="0.019" errors="0">
  <testcase name="testCase2" time="0.016" classname="testNG.TestngAnnotation"/>
  <testcase name="testCase1" time="0.003" classname="testNG.TestngAnnotation"/>
</testsuite> <!-- testNG.TestngAnnotation -->
