<?xml version="1.0" encoding="UTF-8"?>
<!-- Generated by org.testng.reporters.JUnitReportReporter -->
<testsuite hostname="XHLT0115" name="testNG.ArrayCompare" tests="1" failures="0" timestamp="26 Sep 2018 05:23:04 GMT" time="0.046" errors="0">
  <testcase name="f" time="0.046" classname="testNG.ArrayCompare"/>
</testsuite> <!-- testNG.ArrayCompare -->
