<?xml version="1.0" encoding="UTF-8"?>
<!-- Generated by org.testng.reporters.JUnitReportReporter -->
<testsuite hostname="XHLT0115" name="test.AvoidPageLoad" tests="1" failures="0" timestamp="8 Jun 2017 11:32:24 GMT" time="1.071" errors="0">
  <testcase name="clickBeforeLoad" time="1.071" classname="test.AvoidPageLoad"/>
</testsuite> <!-- test.AvoidPageLoad -->
