<?xml version="1.0" encoding="UTF-8"?>
<!-- Generated by org.testng.reporters.JUnitReportReporter -->
<testsuite hostname="XHLT0115" name="testNG.IncludeAndExclude" tests="3" failures="0" timestamp="24 Aug 2017 07:27:28 GMT" time="0.000" errors="0">
  <testcase name="Test1" time="0.000" classname="testNG.IncludeAndExclude"/>
  <testcase name="Test" time="0.000" classname="testNG.IncludeAndExclude"/>
  <testcase name="Test3" time="0.000" classname="testNG.IncludeAndExclude"/>
</testsuite> <!-- testNG.IncludeAndExclude -->
