<?xml version="1.0" encoding="UTF-8"?>
<!-- Generated by org.testng.reporters.JUnitReportReporter -->
<testsuite skipped="0" hostname="XHLT0154" name="a.arrays.Array1" tests="1" failures="0" timestamp="23 Jul 2019 12:30:03 GMT" time="0.022" errors="0">
  <testcase name="m1" time="0.022" classname="a.arrays.Array1"/>
</testsuite> <!-- a.arrays.Array1 -->
