<?xml version="1.0" encoding="UTF-8"?>
<!-- Generated by org.testng.reporters.JUnitReportReporter -->
<testsuite hostname="XHLT0115" name="Kesi.TestMultipleThreads" tests="2" failures="0" timestamp="28 Sep 2016 07:27:05 GMT" time="19.253" errors="0">
  <testcase name="loadTestThisWebsite" time="10.648" classname="Kesi.TestMultipleThreads"/>
  <testcase name="loadTestThisWebsite" time="8.605" classname="Kesi.TestMultipleThreads"/>
</testsuite> <!-- Kesi.TestMultipleThreads -->
